 command line:
   ./regfiletest_vhd_isim_beh.exe
     -intstyle  ise
     -ipchost  localhost
     -ipcport  59104

Mon May 27 14:03:53 2019

Total Line Count : 50

 Elaboration time : 0.015625 sec.

 Estimate current memory usage : 161.681 Meg. 

 Total Signals          : 17
 Total Nets             : 1137
 Total Signal Drivers   : 9
 Total Blocks           : 6
 Total Primitive Blocks : 1
 Total Processes        : 5
 Total Traceable Variables  : 0
 Total Scalar Nets and Variables : 1137
ntrace select -o on -m / -l this 
ntrace start 
isimrun 1000 ns 
Simulator is doing circuit initialization process.
Finished circuit initialization process.

 Simulation time 0.078125 sec.

 Estimate current memory usage : 165.22 Meg. 

Mon May 27 14:19:35 2019

